\BOOKMARK [0][-]{chapter.1}{\376\377\000N\000a\000m\000e\000s\000p\000a\000c\000e\000\040\000I\000n\000d\000e\000x}{}% 1
\BOOKMARK [1][-]{section.1.1}{\376\377\000N\000a\000m\000e\000s\000p\000a\000c\000e\000\040\000L\000i\000s\000t}{chapter.1}% 2
\BOOKMARK [0][-]{chapter.2}{\376\377\000H\000i\000e\000r\000a\000r\000c\000h\000i\000c\000a\000l\000\040\000I\000n\000d\000e\000x}{}% 3
\BOOKMARK [1][-]{section.2.1}{\376\377\000C\000l\000a\000s\000s\000\040\000H\000i\000e\000r\000a\000r\000c\000h\000y}{chapter.2}% 4
\BOOKMARK [0][-]{chapter.3}{\376\377\000C\000l\000a\000s\000s\000\040\000I\000n\000d\000e\000x}{}% 5
\BOOKMARK [1][-]{section.3.1}{\376\377\000C\000l\000a\000s\000s\000\040\000L\000i\000s\000t}{chapter.3}% 6
\BOOKMARK [0][-]{chapter.4}{\376\377\000F\000i\000l\000e\000\040\000I\000n\000d\000e\000x}{}% 7
\BOOKMARK [1][-]{section.4.1}{\376\377\000F\000i\000l\000e\000\040\000L\000i\000s\000t}{chapter.4}% 8
\BOOKMARK [0][-]{chapter.5}{\376\377\000N\000a\000m\000e\000s\000p\000a\000c\000e\000\040\000D\000o\000c\000u\000m\000e\000n\000t\000a\000t\000i\000o\000n}{}% 9
\BOOKMARK [1][-]{section.5.1}{\376\377\000N\000e\000t\000S\000o\000c\000k\000e\000t\000P\000P\000\040\000N\000a\000m\000e\000s\000p\000a\000c\000e\000\040\000R\000e\000f\000e\000r\000e\000n\000c\000e}{chapter.5}% 10
\BOOKMARK [2][-]{subsection.5.1.1}{\376\377\000D\000e\000t\000a\000i\000l\000e\000d\000\040\000D\000e\000s\000c\000r\000i\000p\000t\000i\000o\000n}{section.5.1}% 11
\BOOKMARK [2][-]{subsection.5.1.2}{\376\377\000F\000u\000n\000c\000t\000i\000o\000n\000\040\000D\000o\000c\000u\000m\000e\000n\000t\000a\000t\000i\000o\000n}{section.5.1}% 12
\BOOKMARK [3][-]{subsubsection.5.1.2.1}{\376\377\000C\000S\000t\000r\000T\000o\000S\000t\000r\000i\000n\000g}{subsection.5.1.2}% 13
\BOOKMARK [0][-]{chapter.6}{\376\377\000C\000l\000a\000s\000s\000\040\000D\000o\000c\000u\000m\000e\000n\000t\000a\000t\000i\000o\000n}{}% 14
\BOOKMARK [1][-]{section.6.1}{\376\377\000N\000e\000t\000S\000o\000c\000k\000e\000t\000P\000P\000:\000:\000C\000l\000i\000e\000n\000t\000S\000o\000c\000k\000e\000t\000\040\000C\000l\000a\000s\000s\000\040\000R\000e\000f\000e\000r\000e\000n\000c\000e}{chapter.6}% 15
\BOOKMARK [2][-]{subsection.6.1.1}{\376\377\000D\000e\000t\000a\000i\000l\000e\000d\000\040\000D\000e\000s\000c\000r\000i\000p\000t\000i\000o\000n}{section.6.1}% 16
\BOOKMARK [2][-]{subsection.6.1.2}{\376\377\000C\000o\000n\000s\000t\000r\000u\000c\000t\000o\000r\000\040\000\046\000\040\000D\000e\000s\000t\000r\000u\000c\000t\000o\000r\000\040\000D\000o\000c\000u\000m\000e\000n\000t\000a\000t\000i\000o\000n}{section.6.1}% 17
\BOOKMARK [3][-]{subsubsection.6.1.2.1}{\376\377\000C\000l\000i\000e\000n\000t\000S\000o\000c\000k\000e\000t}{subsection.6.1.2}% 18
\BOOKMARK [2][-]{subsection.6.1.3}{\376\377\000M\000e\000m\000b\000e\000r\000\040\000F\000u\000n\000c\000t\000i\000o\000n\000\040\000D\000o\000c\000u\000m\000e\000n\000t\000a\000t\000i\000o\000n}{section.6.1}% 19
\BOOKMARK [3][-]{subsubsection.6.1.3.1}{\376\377\000g\000e\000t}{subsection.6.1.3}% 20
\BOOKMARK [3][-]{subsubsection.6.1.3.2}{\376\377\000r\000e\000c\000v}{subsection.6.1.3}% 21
\BOOKMARK [3][-]{subsubsection.6.1.3.3}{\376\377\000s\000e\000n\000d}{subsection.6.1.3}% 22
\BOOKMARK [1][-]{section.6.2}{\376\377\000N\000e\000t\000S\000o\000c\000k\000e\000t\000P\000P\000:\000:\000H\000T\000T\000P\000C\000l\000i\000e\000n\000t\000S\000o\000c\000k\000e\000t\000\040\000C\000l\000a\000s\000s\000\040\000R\000e\000f\000e\000r\000e\000n\000c\000e}{chapter.6}% 23
\BOOKMARK [2][-]{subsection.6.2.1}{\376\377\000D\000e\000t\000a\000i\000l\000e\000d\000\040\000D\000e\000s\000c\000r\000i\000p\000t\000i\000o\000n}{section.6.2}% 24
\BOOKMARK [2][-]{subsection.6.2.2}{\376\377\000C\000o\000n\000s\000t\000r\000u\000c\000t\000o\000r\000\040\000\046\000\040\000D\000e\000s\000t\000r\000u\000c\000t\000o\000r\000\040\000D\000o\000c\000u\000m\000e\000n\000t\000a\000t\000i\000o\000n}{section.6.2}% 25
\BOOKMARK [3][-]{subsubsection.6.2.2.1}{\376\377\000H\000T\000T\000P\000C\000l\000i\000e\000n\000t\000S\000o\000c\000k\000e\000t}{subsection.6.2.2}% 26
\BOOKMARK [2][-]{subsection.6.2.3}{\376\377\000M\000e\000m\000b\000e\000r\000\040\000F\000u\000n\000c\000t\000i\000o\000n\000\040\000D\000o\000c\000u\000m\000e\000n\000t\000a\000t\000i\000o\000n}{section.6.2}% 27
\BOOKMARK [3][-]{subsubsection.6.2.3.1}{\376\377\000g\000e\000t\000R\000e\000p\000l\000y}{subsection.6.2.3}% 28
\BOOKMARK [3][-]{subsubsection.6.2.3.2}{\376\377\000g\000e\000t\000R\000e\000q\000u\000e\000s\000t}{subsection.6.2.3}% 29
\BOOKMARK [1][-]{section.6.3}{\376\377\000N\000e\000t\000S\000o\000c\000k\000e\000t\000P\000P\000:\000:\000H\000T\000T\000P\000R\000e\000p\000l\000y\000\040\000C\000l\000a\000s\000s\000\040\000R\000e\000f\000e\000r\000e\000n\000c\000e}{chapter.6}% 30
\BOOKMARK [2][-]{subsection.6.3.1}{\376\377\000D\000e\000t\000a\000i\000l\000e\000d\000\040\000D\000e\000s\000c\000r\000i\000p\000t\000i\000o\000n}{section.6.3}% 31
\BOOKMARK [2][-]{subsection.6.3.2}{\376\377\000C\000o\000n\000s\000t\000r\000u\000c\000t\000o\000r\000\040\000\046\000\040\000D\000e\000s\000t\000r\000u\000c\000t\000o\000r\000\040\000D\000o\000c\000u\000m\000e\000n\000t\000a\000t\000i\000o\000n}{section.6.3}% 32
\BOOKMARK [3][-]{subsubsection.6.3.2.1}{\376\377\000H\000T\000T\000P\000R\000e\000p\000l\000y}{subsection.6.3.2}% 33
\BOOKMARK [2][-]{subsection.6.3.3}{\376\377\000M\000e\000m\000b\000e\000r\000\040\000F\000u\000n\000c\000t\000i\000o\000n\000\040\000D\000o\000c\000u\000m\000e\000n\000t\000a\000t\000i\000o\000n}{section.6.3}% 34
\BOOKMARK [3][-]{subsubsection.6.3.3.1}{\376\377\000a\000d\000d\000T\000o\000C\000o\000n\000t\000e\000n\000t}{subsection.6.3.3}% 35
\BOOKMARK [3][-]{subsubsection.6.3.3.2}{\376\377\000g\000e\000t\000C\000o\000n\000n\000e\000c\000t\000i\000o\000n}{subsection.6.3.3}% 36
\BOOKMARK [3][-]{subsubsection.6.3.3.3}{\376\377\000g\000e\000t\000C\000o\000n\000t\000e\000n\000t}{subsection.6.3.3}% 37
\BOOKMARK [3][-]{subsubsection.6.3.3.4}{\376\377\000g\000e\000t\000C\000o\000n\000t\000e\000n\000t\000L\000e\000n\000g\000t\000h}{subsection.6.3.3}% 38
\BOOKMARK [3][-]{subsubsection.6.3.3.5}{\376\377\000g\000e\000t\000C\000o\000n\000t\000e\000n\000t\000T\000y\000p\000e}{subsection.6.3.3}% 39
\BOOKMARK [3][-]{subsubsection.6.3.3.6}{\376\377\000g\000e\000t\000P\000r\000o\000t\000o\000c\000o\000l}{subsection.6.3.3}% 40
\BOOKMARK [3][-]{subsubsection.6.3.3.7}{\376\377\000g\000e\000t\000R\000a\000w}{subsection.6.3.3}% 41
\BOOKMARK [3][-]{subsubsection.6.3.3.8}{\376\377\000g\000e\000t\000R\000e\000s\000p\000o\000n\000s\000e}{subsection.6.3.3}% 42
\BOOKMARK [3][-]{subsubsection.6.3.3.9}{\376\377\000g\000e\000t\000S\000e\000r\000v\000e\000r}{subsection.6.3.3}% 43
\BOOKMARK [3][-]{subsubsection.6.3.3.10}{\376\377\000g\000e\000t\000T\000i\000m\000e\000s\000t\000a\000m\000p}{subsection.6.3.3}% 44
\BOOKMARK [1][-]{section.6.4}{\376\377\000N\000e\000t\000S\000o\000c\000k\000e\000t\000P\000P\000:\000:\000N\000e\000t\000S\000o\000c\000k\000e\000t\000\040\000C\000l\000a\000s\000s\000\040\000R\000e\000f\000e\000r\000e\000n\000c\000e}{chapter.6}% 45
\BOOKMARK [2][-]{subsection.6.4.1}{\376\377\000D\000e\000t\000a\000i\000l\000e\000d\000\040\000D\000e\000s\000c\000r\000i\000p\000t\000i\000o\000n}{section.6.4}% 46
\BOOKMARK [2][-]{subsection.6.4.2}{\376\377\000C\000o\000n\000s\000t\000r\000u\000c\000t\000o\000r\000\040\000\046\000\040\000D\000e\000s\000t\000r\000u\000c\000t\000o\000r\000\040\000D\000o\000c\000u\000m\000e\000n\000t\000a\000t\000i\000o\000n}{section.6.4}% 47
\BOOKMARK [3][-]{subsubsection.6.4.2.1}{\376\377\000N\000e\000t\000S\000o\000c\000k\000e\000t}{subsection.6.4.2}% 48
\BOOKMARK [2][-]{subsection.6.4.3}{\376\377\000M\000e\000m\000b\000e\000r\000\040\000F\000u\000n\000c\000t\000i\000o\000n\000\040\000D\000o\000c\000u\000m\000e\000n\000t\000a\000t\000i\000o\000n}{section.6.4}% 49
\BOOKMARK [3][-]{subsubsection.6.4.3.1}{\376\377\000g\000e\000t\000D\000e\000s\000c}{subsection.6.4.3}% 50
\BOOKMARK [3][-]{subsubsection.6.4.3.2}{\376\377\000g\000e\000t\000I\000P}{subsection.6.4.3}% 51
\BOOKMARK [1][-]{section.6.5}{\376\377\000N\000e\000t\000S\000o\000c\000k\000e\000t\000P\000P\000:\000:\000N\000e\000t\000w\000o\000r\000k\000E\000x\000c\000e\000p\000t\000i\000o\000n\000\040\000C\000l\000a\000s\000s\000\040\000R\000e\000f\000e\000r\000e\000n\000c\000e}{chapter.6}% 52
\BOOKMARK [2][-]{subsection.6.5.1}{\376\377\000D\000e\000t\000a\000i\000l\000e\000d\000\040\000D\000e\000s\000c\000r\000i\000p\000t\000i\000o\000n}{section.6.5}% 53
\BOOKMARK [2][-]{subsection.6.5.2}{\376\377\000C\000o\000n\000s\000t\000r\000u\000c\000t\000o\000r\000\040\000\046\000\040\000D\000e\000s\000t\000r\000u\000c\000t\000o\000r\000\040\000D\000o\000c\000u\000m\000e\000n\000t\000a\000t\000i\000o\000n}{section.6.5}% 54
\BOOKMARK [3][-]{subsubsection.6.5.2.1}{\376\377\000N\000e\000t\000w\000o\000r\000k\000E\000x\000c\000e\000p\000t\000i\000o\000n}{subsection.6.5.2}% 55
\BOOKMARK [2][-]{subsection.6.5.3}{\376\377\000M\000e\000m\000b\000e\000r\000\040\000F\000u\000n\000c\000t\000i\000o\000n\000\040\000D\000o\000c\000u\000m\000e\000n\000t\000a\000t\000i\000o\000n}{section.6.5}% 56
\BOOKMARK [3][-]{subsubsection.6.5.3.1}{\376\377\000w\000h\000a\000t}{subsection.6.5.3}% 57
\BOOKMARK [1][-]{section.6.6}{\376\377\000N\000e\000t\000S\000o\000c\000k\000e\000t\000P\000P\000:\000:\000S\000e\000r\000v\000e\000r\000F\000u\000n\000c\000t\000i\000o\000n\000A\000r\000g\000s\000\040\000C\000l\000a\000s\000s\000\040\000R\000e\000f\000e\000r\000e\000n\000c\000e}{chapter.6}% 58
\BOOKMARK [2][-]{subsection.6.6.1}{\376\377\000D\000e\000t\000a\000i\000l\000e\000d\000\040\000D\000e\000s\000c\000r\000i\000p\000t\000i\000o\000n}{section.6.6}% 59
\BOOKMARK [2][-]{subsection.6.6.2}{\376\377\000C\000o\000n\000s\000t\000r\000u\000c\000t\000o\000r\000\040\000\046\000\040\000D\000e\000s\000t\000r\000u\000c\000t\000o\000r\000\040\000D\000o\000c\000u\000m\000e\000n\000t\000a\000t\000i\000o\000n}{section.6.6}% 60
\BOOKMARK [3][-]{subsubsection.6.6.2.1}{\376\377\000S\000e\000r\000v\000e\000r\000F\000u\000n\000c\000t\000i\000o\000n\000A\000r\000g\000s}{subsection.6.6.2}% 61
\BOOKMARK [2][-]{subsection.6.6.3}{\376\377\000M\000e\000m\000b\000e\000r\000\040\000F\000u\000n\000c\000t\000i\000o\000n\000\040\000D\000o\000c\000u\000m\000e\000n\000t\000a\000t\000i\000o\000n}{section.6.6}% 62
\BOOKMARK [3][-]{subsubsection.6.6.3.1}{\376\377\000a\000d\000d\000A\000r\000g\000u\000m\000e\000n\000t}{subsection.6.6.3}% 63
\BOOKMARK [3][-]{subsubsection.6.6.3.2}{\376\377\000g\000e\000t\000A\000r\000g\000u\000m\000e\000n\000t}{subsection.6.6.3}% 64
\BOOKMARK [3][-]{subsubsection.6.6.3.3}{\376\377\000o\000p\000e\000r\000a\000t\000o\000r\000[\000]}{subsection.6.6.3}% 65
\BOOKMARK [1][-]{section.6.7}{\376\377\000N\000e\000t\000S\000o\000c\000k\000e\000t\000P\000P\000:\000:\000S\000e\000r\000v\000e\000r\000S\000o\000c\000k\000e\000t\000\040\000C\000l\000a\000s\000s\000\040\000R\000e\000f\000e\000r\000e\000n\000c\000e}{chapter.6}% 66
\BOOKMARK [2][-]{subsection.6.7.1}{\376\377\000D\000e\000t\000a\000i\000l\000e\000d\000\040\000D\000e\000s\000c\000r\000i\000p\000t\000i\000o\000n}{section.6.7}% 67
\BOOKMARK [2][-]{subsection.6.7.2}{\376\377\000C\000o\000n\000s\000t\000r\000u\000c\000t\000o\000r\000\040\000\046\000\040\000D\000e\000s\000t\000r\000u\000c\000t\000o\000r\000\040\000D\000o\000c\000u\000m\000e\000n\000t\000a\000t\000i\000o\000n}{section.6.7}% 68
\BOOKMARK [3][-]{subsubsection.6.7.2.1}{\376\377\000S\000e\000r\000v\000e\000r\000S\000o\000c\000k\000e\000t}{subsection.6.7.2}% 69
\BOOKMARK [2][-]{subsection.6.7.3}{\376\377\000M\000e\000m\000b\000e\000r\000\040\000F\000u\000n\000c\000t\000i\000o\000n\000\040\000D\000o\000c\000u\000m\000e\000n\000t\000a\000t\000i\000o\000n}{section.6.7}% 70
\BOOKMARK [3][-]{subsubsection.6.7.3.1}{\376\377\000g\000e\000t}{subsection.6.7.3}% 71
\BOOKMARK [3][-]{subsubsection.6.7.3.2}{\376\377\000r\000e\000c\000v}{subsection.6.7.3}% 72
\BOOKMARK [3][-]{subsubsection.6.7.3.3}{\376\377\000s\000e\000n\000d}{subsection.6.7.3}% 73
\BOOKMARK [3][-]{subsubsection.6.7.3.4}{\376\377\000s\000t\000a\000r\000t\000S\000e\000r\000v\000e\000r}{subsection.6.7.3}% 74
\BOOKMARK [1][-]{section.6.8}{\376\377\000N\000e\000t\000S\000o\000c\000k\000e\000t\000P\000P\000:\000:\000S\000o\000c\000k\000e\000t\000E\000x\000c\000e\000p\000t\000i\000o\000n\000\040\000C\000l\000a\000s\000s\000\040\000R\000e\000f\000e\000r\000e\000n\000c\000e}{chapter.6}% 75
\BOOKMARK [2][-]{subsection.6.8.1}{\376\377\000D\000e\000t\000a\000i\000l\000e\000d\000\040\000D\000e\000s\000c\000r\000i\000p\000t\000i\000o\000n}{section.6.8}% 76
\BOOKMARK [2][-]{subsection.6.8.2}{\376\377\000C\000o\000n\000s\000t\000r\000u\000c\000t\000o\000r\000\040\000\046\000\040\000D\000e\000s\000t\000r\000u\000c\000t\000o\000r\000\040\000D\000o\000c\000u\000m\000e\000n\000t\000a\000t\000i\000o\000n}{section.6.8}% 77
\BOOKMARK [3][-]{subsubsection.6.8.2.1}{\376\377\000S\000o\000c\000k\000e\000t\000E\000x\000c\000e\000p\000t\000i\000o\000n}{subsection.6.8.2}% 78
\BOOKMARK [2][-]{subsection.6.8.3}{\376\377\000M\000e\000m\000b\000e\000r\000\040\000F\000u\000n\000c\000t\000i\000o\000n\000\040\000D\000o\000c\000u\000m\000e\000n\000t\000a\000t\000i\000o\000n}{section.6.8}% 79
\BOOKMARK [3][-]{subsubsection.6.8.3.1}{\376\377\000w\000h\000a\000t}{subsection.6.8.3}% 80
\BOOKMARK [0][-]{chapter.7}{\376\377\000F\000i\000l\000e\000\040\000D\000o\000c\000u\000m\000e\000n\000t\000a\000t\000i\000o\000n}{}% 81
\BOOKMARK [1][-]{section.7.1}{\376\377\000C\000l\000i\000e\000n\000t\000S\000o\000c\000k\000e\000t\000.\000h\000\040\000F\000i\000l\000e\000\040\000R\000e\000f\000e\000r\000e\000n\000c\000e}{chapter.7}% 82
\BOOKMARK [2][-]{subsection.7.1.1}{\376\377\000D\000e\000t\000a\000i\000l\000e\000d\000\040\000D\000e\000s\000c\000r\000i\000p\000t\000i\000o\000n}{section.7.1}% 83
\BOOKMARK [1][-]{section.7.2}{\376\377\000H\000T\000T\000P\000C\000l\000i\000e\000n\000t\000S\000o\000c\000k\000e\000t\000.\000h\000\040\000F\000i\000l\000e\000\040\000R\000e\000f\000e\000r\000e\000n\000c\000e}{chapter.7}% 84
\BOOKMARK [2][-]{subsection.7.2.1}{\376\377\000D\000e\000t\000a\000i\000l\000e\000d\000\040\000D\000e\000s\000c\000r\000i\000p\000t\000i\000o\000n}{section.7.2}% 85
\BOOKMARK [1][-]{section.7.3}{\376\377\000N\000e\000t\000S\000o\000c\000k\000e\000t\000.\000h\000\040\000F\000i\000l\000e\000\040\000R\000e\000f\000e\000r\000e\000n\000c\000e}{chapter.7}% 86
\BOOKMARK [2][-]{subsection.7.3.1}{\376\377\000D\000e\000t\000a\000i\000l\000e\000d\000\040\000D\000e\000s\000c\000r\000i\000p\000t\000i\000o\000n}{section.7.3}% 87
\BOOKMARK [1][-]{section.7.4}{\376\377\000N\000e\000t\000S\000o\000c\000k\000e\000t\000P\000P\000.\000h\000\040\000F\000i\000l\000e\000\040\000R\000e\000f\000e\000r\000e\000n\000c\000e}{chapter.7}% 88
\BOOKMARK [2][-]{subsection.7.4.1}{\376\377\000D\000e\000t\000a\000i\000l\000e\000d\000\040\000D\000e\000s\000c\000r\000i\000p\000t\000i\000o\000n}{section.7.4}% 89
\BOOKMARK [1][-]{section.7.5}{\376\377\000N\000e\000t\000w\000o\000r\000k\000E\000x\000c\000e\000p\000t\000i\000o\000n\000.\000h\000\040\000F\000i\000l\000e\000\040\000R\000e\000f\000e\000r\000e\000n\000c\000e}{chapter.7}% 90
\BOOKMARK [2][-]{subsection.7.5.1}{\376\377\000D\000e\000t\000a\000i\000l\000e\000d\000\040\000D\000e\000s\000c\000r\000i\000p\000t\000i\000o\000n}{section.7.5}% 91
\BOOKMARK [1][-]{section.7.6}{\376\377\000S\000e\000r\000v\000e\000r\000S\000o\000c\000k\000e\000t\000.\000h\000\040\000F\000i\000l\000e\000\040\000R\000e\000f\000e\000r\000e\000n\000c\000e}{chapter.7}% 92
\BOOKMARK [2][-]{subsection.7.6.1}{\376\377\000D\000e\000t\000a\000i\000l\000e\000d\000\040\000D\000e\000s\000c\000r\000i\000p\000t\000i\000o\000n}{section.7.6}% 93
\BOOKMARK [2][-]{subsection.7.6.2}{\376\377\000F\000u\000n\000c\000t\000i\000o\000n\000\040\000D\000o\000c\000u\000m\000e\000n\000t\000a\000t\000i\000o\000n}{section.7.6}% 94
\BOOKMARK [3][-]{subsubsection.7.6.2.1}{\376\377\000s\000i\000g\000c\000h\000l\000d\000\137\000h\000a\000n\000d\000l\000e\000r}{subsection.7.6.2}% 95
\BOOKMARK [1][-]{section.7.7}{\376\377\000S\000o\000c\000k\000e\000t\000E\000x\000c\000e\000p\000t\000i\000o\000n\000.\000h\000\040\000F\000i\000l\000e\000\040\000R\000e\000f\000e\000r\000e\000n\000c\000e}{chapter.7}% 96
\BOOKMARK [2][-]{subsection.7.7.1}{\376\377\000D\000e\000t\000a\000i\000l\000e\000d\000\040\000D\000e\000s\000c\000r\000i\000p\000t\000i\000o\000n}{section.7.7}% 97
\BOOKMARK [-1][-]{subsection.7.7.1}{\376\377\000I\000n\000d\000e\000x}{}% 98
